Determining if the pthread_create exist failed with the following output:
Change Dir: /home/wilson/ros_ws_1/build/CMakeFiles/CMakeTmp

Run Build Command:"/usr/bin/make" "cmTC_763c0/fast"
/usr/bin/make -f CMakeFiles/cmTC_763c0.dir/build.make CMakeFiles/cmTC_763c0.dir/build
make[1]: Entering directory '/home/wilson/ros_ws_1/build/CMakeFiles/CMakeTmp'
Building C object CMakeFiles/cmTC_763c0.dir/CheckSymbolExists.c.o
/usr/bin/cc    -o CMakeFiles/cmTC_763c0.dir/CheckSymbolExists.c.o   -c /home/wilson/ros_ws_1/build/CMakeFiles/CMakeTmp/CheckSymbolExists.c
Linking C executable cmTC_763c0
/usr/bin/cmake -E cmake_link_script CMakeFiles/cmTC_763c0.dir/link.txt --verbose=1
/usr/bin/cc      -rdynamic CMakeFiles/cmTC_763c0.dir/CheckSymbolExists.c.o  -o cmTC_763c0 
CMakeFiles/cmTC_763c0.dir/CheckSymbolExists.c.o: In function `main':
CheckSymbolExists.c:(.text+0x1b): undefined reference to `pthread_create'
collect2: error: ld returned 1 exit status
CMakeFiles/cmTC_763c0.dir/build.make:97: recipe for target 'cmTC_763c0' failed
make[1]: *** [cmTC_763c0] Error 1
make[1]: Leaving directory '/home/wilson/ros_ws_1/build/CMakeFiles/CMakeTmp'
Makefile:126: recipe for target 'cmTC_763c0/fast' failed
make: *** [cmTC_763c0/fast] Error 2

File /home/wilson/ros_ws_1/build/CMakeFiles/CMakeTmp/CheckSymbolExists.c:
/* */
#include <pthread.h>

int main(int argc, char** argv)
{
  (void)argv;
#ifndef pthread_create
  return ((int*)(&pthread_create))[argc];
#else
  (void)argc;
  return 0;
#endif
}

Determining if the function pthread_create exists in the pthreads failed with the following output:
Change Dir: /home/wilson/ros_ws_1/build/CMakeFiles/CMakeTmp

Run Build Command:"/usr/bin/make" "cmTC_79494/fast"
/usr/bin/make -f CMakeFiles/cmTC_79494.dir/build.make CMakeFiles/cmTC_79494.dir/build
make[1]: Entering directory '/home/wilson/ros_ws_1/build/CMakeFiles/CMakeTmp'
Building C object CMakeFiles/cmTC_79494.dir/CheckFunctionExists.c.o
/usr/bin/cc   -DCHECK_FUNCTION_EXISTS=pthread_create   -o CMakeFiles/cmTC_79494.dir/CheckFunctionExists.c.o   -c /usr/share/cmake-3.10/Modules/CheckFunctionExists.c
Linking C executable cmTC_79494
/usr/bin/cmake -E cmake_link_script CMakeFiles/cmTC_79494.dir/link.txt --verbose=1
/usr/bin/cc  -DCHECK_FUNCTION_EXISTS=pthread_create    -rdynamic CMakeFiles/cmTC_79494.dir/CheckFunctionExists.c.o  -o cmTC_79494 -lpthreads 
/usr/bin/ld: cannot find -lpthreads
collect2: error: ld returned 1 exit status
CMakeFiles/cmTC_79494.dir/build.make:97: recipe for target 'cmTC_79494' failed
make[1]: *** [cmTC_79494] Error 1
make[1]: Leaving directory '/home/wilson/ros_ws_1/build/CMakeFiles/CMakeTmp'
Makefile:126: recipe for target 'cmTC_79494/fast' failed
make: *** [cmTC_79494/fast] Error 2


